<?xml version="1.0" encoding="UTF-8"?>
<!-- Generated by org.testng.reporters.JUnitReportReporter -->
<testsuite hostname="Anjana-PC" name="demotestng.SampleTestNG" tests="1" failures="0" timestamp="18 Jun 2019 09:44:04 GMT" time="5.275" errors="0">
  <testcase name="searchProduct" time="5.275" classname="demotestng.SampleTestNG"/>
</testsuite> <!-- demotestng.SampleTestNG -->
