<?xml version="1.0" encoding="UTF-8"?>
<!-- Generated by org.testng.reporters.JUnitReportReporter -->
<testsuite hostname="Anjana-PC" name="account.setup.CreateAccount" tests="1" failures="0" timestamp="18 Jun 2019 11:06:12 GMT" time="9.894" errors="0">
  <testcase name="signUp" time="9.894" classname="account.setup.CreateAccount"/>
</testsuite> <!-- account.setup.CreateAccount -->
