<?xml version="1.0" encoding="UTF-8"?>
<!-- Generated by org.testng.reporters.JUnitReportReporter -->
<testsuite hostname="LAPTOP-5E66PGC8" name="account.setup.CreateAccount" tests="3" failures="0" timestamp="6 Jul 2019 17:36:47 GMT" time="25.954" errors="0">
  <testcase name="login" time="2.989" classname="account.setup.CreateAccount"/>
  <testcase name="signUp" time="20.036" classname="account.setup.CreateAccount"/>
  <testcase name="signOut" time="2.929" classname="account.setup.CreateAccount"/>
</testsuite> <!-- account.setup.CreateAccount -->
