<?xml version="1.0" encoding="UTF-8"?>
<!-- Generated by org.testng.reporters.JUnitReportReporter -->
<testsuite hostname="Anjana-PC" name="demotestng.SampleTestNG" tests="1" failures="0" timestamp="25 Jun 2019 04:44:04 GMT" time="5.427" errors="0">
  <testcase name="searchProduct" time="5.427" classname="demotestng.SampleTestNG"/>
</testsuite> <!-- demotestng.SampleTestNG -->
